{"uid":"a854f607b2346074","name":"authorizedUserShouldBeAbleCreateNewProjectAndBuildConfig","fullName":"com.example.teamcity.ui.CreateNewProjectTest.authorizedUserShouldBeAbleCreateNewProjectAndBuildConfig","historyId":"b61bb38593414b196791b7d49e2d9135","time":{"start":1708504891552,"stop":1708504945318,"duration":53766},"status":"failed","statusMessage":"Element should exist {[class=\"Subproject__container--Px\"].snapshot(1 elements)[0]}\nElement: 'Ups, failed to described the element [caused by: StaleElementReferenceException: The element with the reference 2c9a8ede-a3e7-4b05-9fba-563cf0536f0c is stale; either its node document is not the active document, or it is no longer connected to the DOM]'\nActual value: does not exist\nScreenshot: file:/home/runner/work/Teamcity-tests/Teamcity-tests/target/surefare-reports/1708504945160.0.png\nPage source: file:/home/runner/work/Teamcity-tests/Teamcity-tests/target/surefare-reports/1708504945160.0.html\nTimeout: 4 s.","statusTrace":"Element should exist {[class=\"Subproject__container--Px\"].snapshot(1 elements)[0]}\nElement: 'Ups, failed to described the element [caused by: StaleElementReferenceException: The element with the reference 2c9a8ede-a3e7-4b05-9fba-563cf0536f0c is stale; either its node document is not the active document, or it is no longer connected to the DOM]'\nActual value: does not exist\nScreenshot: file:/home/runner/work/Teamcity-tests/Teamcity-tests/target/surefare-reports/1708504945160.0.png\nPage source: file:/home/runner/work/Teamcity-tests/Teamcity-tests/target/surefare-reports/1708504945160.0.html\nTimeout: 4 s.\n\tat com.codeborne.selenide.impl.WebElementSource.handleError(WebElementSource.java:149)\n\tat com.codeborne.selenide.impl.WebElementSource.checkConditionAndReturnElement(WebElementSource.java:127)\n\tat com.codeborne.selenide.impl.WebElementSource.checkCondition(WebElementSource.java:104)\n\tat com.codeborne.selenide.impl.ElementFinder.createElementNotFoundError(ElementFinder.java:139)\n\tat com.codeborne.selenide.impl.WebElementSource.handleError(WebElementSource.java:143)\n\tat com.codeborne.selenide.impl.WebElementSource.checkConditionAndReturnElement(WebElementSource.java:127)\n\tat com.codeborne.selenide.impl.WebElementSource.checkCondition(WebElementSource.java:104)\n\tat com.codeborne.selenide.commands.Should.execute(Should.java:30)\n\tat com.codeborne.selenide.commands.Should.execute(Should.java:14)\n\tat com.codeborne.selenide.commands.Commands.execute(Commands.java:161)\n\tat com.codeborne.selenide.impl.SelenideElementProxy.dispatchAndRetry(SelenideElementProxy.java:132)\n\tat com.codeborne.selenide.impl.SelenideElementProxy.invoke(SelenideElementProxy.java:84)\n\tat jdk.proxy2/jdk.proxy2.$Proxy42.shouldHave(Unknown Source)\n\tat com.example.teamcity.ui.CreateNewProjectTest.authorizedUserShouldBeAbleCreateNewProjectAndBuildConfig(CreateNewProjectTest.java:41)\n\tat java.base/jdk.internal.reflect.NativeMethodAccessorImpl.invoke0(Native Method)\n\tat java.base/jdk.internal.reflect.NativeMethodAccessorImpl.invoke(NativeMethodAccessorImpl.java:77)\n\tat java.base/jdk.internal.reflect.DelegatingMethodAccessorImpl.invoke(DelegatingMethodAccessorImpl.java:43)\n\tat java.base/java.lang.reflect.Method.invoke(Method.java:568)\n\tat org.testng.internal.invokers.MethodInvocationHelper.invokeMethod(MethodInvocationHelper.java:139)\n\tat org.testng.internal.invokers.TestInvoker.invokeMethod(TestInvoker.java:677)\n\tat org.testng.internal.invokers.TestInvoker.invokeTestMethod(TestInvoker.java:221)\n\tat org.testng.internal.invokers.MethodRunner.runInSequence(MethodRunner.java:50)\n\tat org.testng.internal.invokers.TestInvoker$MethodInvocationAgent.invoke(TestInvoker.java:969)\n\tat org.testng.internal.invokers.TestInvoker.invokeTestMethods(TestInvoker.java:194)\n\tat org.testng.internal.invokers.TestMethodWorker.invokeTestMethods(TestMethodWorker.java:148)\n\tat org.testng.internal.invokers.TestMethodWorker.run(TestMethodWorker.java:128)\n\tat java.base/java.util.ArrayList.forEach(ArrayList.java:1511)\n\tat org.testng.TestRunner.privateRun(TestRunner.java:829)\n\tat org.testng.TestRunner.run(TestRunner.java:602)\n\tat org.testng.SuiteRunner.runTest(SuiteRunner.java:437)\n\tat org.testng.SuiteRunner.runSequentially(SuiteRunner.java:431)\n\tat org.testng.SuiteRunner.privateRun(SuiteRunner.java:391)\n\tat org.testng.SuiteRunner.run(SuiteRunner.java:330)\n\tat org.testng.SuiteRunnerWorker.runSuite(SuiteRunnerWorker.java:52)\n\tat org.testng.SuiteRunnerWorker.run(SuiteRunnerWorker.java:95)\n\tat org.testng.TestNG.runSuitesSequentially(TestNG.java:1256)\n\tat org.testng.TestNG.runSuitesLocally(TestNG.java:1176)\n\tat org.testng.TestNG.runSuites(TestNG.java:1099)\n\tat org.testng.TestNG.run(TestNG.java:1067)\n\tat org.apache.maven.surefire.testng.TestNGExecutor.run(TestNGExecutor.java:283)\n\tat org.apache.maven.surefire.testng.TestNGXmlTestSuite.execute(TestNGXmlTestSuite.java:75)\n\tat org.apache.maven.surefire.testng.TestNGProvider.invoke(TestNGProvider.java:120)\n\tat org.apache.maven.surefire.booter.ForkedBooter.invokeProviderInSameClassLoader(ForkedBooter.java:384)\n\tat org.apache.maven.surefire.booter.ForkedBooter.runSuitesInProcess(ForkedBooter.java:345)\n\tat org.apache.maven.surefire.booter.ForkedBooter.execute(ForkedBooter.java:126)\n\tat org.apache.maven.surefire.booter.ForkedBooter.main(ForkedBooter.java:418)\n","flaky":true,"newFailed":true,"newBroken":false,"newPassed":false,"retriesCount":0,"retriesStatusChange":false,"beforeStages":[{"name":"beforeTest","time":{"start":1708504890908,"stop":1708504891393,"duration":485},"description":"","status":"passed","steps":[],"attachments":[],"parameters":[],"shouldDisplayMessage":false,"stepsCount":0,"attachmentsCount":0,"hasContent":false}],"afterStages":[{"name":"afterTest","time":{"start":1708504945339,"stop":1708504945341,"duration":2},"description":"","status":"passed","steps":[],"attachments":[],"parameters":[],"shouldDisplayMessage":false,"stepsCount":0,"attachmentsCount":0,"hasContent":false}],"labels":[{"name":"package","value":"com.example.teamcity.ui.CreateNewProjectTest"},{"name":"testClass","value":"com.example.teamcity.ui.CreateNewProjectTest"},{"name":"testMethod","value":"authorizedUserShouldBeAbleCreateNewProjectAndBuildConfig"},{"name":"parentSuite","value":"API Suite"},{"name":"suite","value":"API Test"},{"name":"subSuite","value":"com.example.teamcity.ui.CreateNewProjectTest"},{"name":"host","value":"fv-az1493-921"},{"name":"thread","value":"5734@fv-az1493-921.main(1)"},{"name":"framework","value":"testng"},{"name":"language","value":"java"},{"name":"resultFormat","value":"allure2"}],"parameters":[],"links":[],"hidden":false,"retry":false,"extra":{"severity":"normal","retries":[],"categories":[{"name":"Product defects","matchedStatuses":[],"flaky":false}],"history":{"statistic":{"failed":14,"broken":2,"skipped":0,"passed":3,"unknown":0,"total":19},"items":[{"uid":"46ac85207d850d5","reportUrl":"https://AnnaBodrova.github.io/Teamcity-tests/71//#testresult/46ac85207d850d5","status":"passed","time":{"start":1708503682000,"stop":1708503734931,"duration":52931}},{"uid":"245a55687b072763","reportUrl":"https://AnnaBodrova.github.io/Teamcity-tests/71//#testresult/245a55687b072763","status":"passed","time":{"start":1708503024192,"stop":1708503074530,"duration":50338}},{"uid":"487b81b2f7ab4a20","reportUrl":"https://AnnaBodrova.github.io/Teamcity-tests/70//#testresult/487b81b2f7ab4a20","status":"failed","statusDetails":"Element should exist {[class=\"Subproject__container--Px\"].snapshot(1 elements)[0]}\nElement: 'Ups, failed to described the element [caused by: StaleElementReferenceException: The element with the reference caa43a20-6924-4a66-8759-8f17f9e81221 is stale; either its node document is not the active document, or it is no longer connected to the DOM]'\nActual value: does not exist\nScreenshot: file:/home/runner/work/Teamcity-tests/Teamcity-tests/target/surefare-reports/1708501311968.0.png\nPage source: file:/home/runner/work/Teamcity-tests/Teamcity-tests/target/surefare-reports/1708501311968.0.html\nTimeout: 4 s.","time":{"start":1708501257832,"stop":1708501312197,"duration":54365}},{"uid":"a3f327fe9dbee35e","reportUrl":"https://AnnaBodrova.github.io/Teamcity-tests/69//#testresult/a3f327fe9dbee35e","status":"failed","statusDetails":"Element not found {[id=\"projectName\"]}\nExpected: visible\nScreenshot: file:/home/runner/work/Teamcity-tests/Teamcity-tests/target/surefare-reports/1708500342938.0.png\nPage source: file:/home/runner/work/Teamcity-tests/Teamcity-tests/target/surefare-reports/1708500342938.0.html\nTimeout: 10 s.\nCaused by: NoSuchElementException: Unable to locate element: [id=\"projectName\"]","time":{"start":1708500297133,"stop":1708500343072,"duration":45939}},{"uid":"99bc34995bdc4e7","reportUrl":"https://AnnaBodrova.github.io/Teamcity-tests/68//#testresult/99bc34995bdc4e7","status":"passed","time":{"start":1708348466326,"stop":1708348519381,"duration":53055}},{"uid":"6d083a9968fa4972","reportUrl":"https://AnnaBodrova.github.io/Teamcity-tests/68//#testresult/6d083a9968fa4972","status":"failed","statusDetails":"Element not found {[id=\"projectName\"]}\nExpected: visible\nScreenshot: file:/home/runner/work/Teamcity-tests/Teamcity-tests/target/surefare-reports/1708347499729.0.png\nPage source: file:/home/runner/work/Teamcity-tests/Teamcity-tests/target/surefare-reports/1708347499729.0.html\nTimeout: 10 s.\nCaused by: NoSuchElementException: Unable to locate element: [id=\"projectName\"]","time":{"start":1708347451003,"stop":1708347500390,"duration":49387}},{"uid":"33ef8d6394dbd6b","reportUrl":"https://AnnaBodrova.github.io/Teamcity-tests/67//#testresult/33ef8d6394dbd6b","status":"broken","statusDetails":"com/fasterxml/jackson/annotation/JsonKey","time":{"start":1708346685070,"stop":1708346686151,"duration":1081}},{"uid":"a090b6e4f83bf86b","reportUrl":"https://AnnaBodrova.github.io/Teamcity-tests/66//#testresult/a090b6e4f83bf86b","status":"broken","statusDetails":"com/fasterxml/jackson/annotation/JsonKey","time":{"start":1708332719921,"stop":1708332721197,"duration":1276}},{"uid":"26aa412c8e840706","reportUrl":"https://AnnaBodrova.github.io/Teamcity-tests/65//#testresult/26aa412c8e840706","status":"failed","statusDetails":"Element should exist {[class=\"Subproject__container--Px\"].snapshot(1 elements)[0]}\nElement: 'Ups, failed to described the element [caused by: StaleElementReferenceException: The element with the reference 5e0c2095-c97a-4741-bc51-997b4865db5c is stale; either its node document is not the active document, or it is no longer connected to the DOM]'\nActual value: does not exist\nScreenshot: file:/home/runner/work/Teamcity-tests/Teamcity-tests/target/surefare-reports/1708289392748.0.png\nPage source: file:/home/runner/work/Teamcity-tests/Teamcity-tests/target/surefare-reports/1708289392748.0.html\nTimeout: 4 s.","time":{"start":1708289339664,"stop":1708289392967,"duration":53303}},{"uid":"8b84053dc84695b7","reportUrl":"https://AnnaBodrova.github.io/Teamcity-tests/64//#testresult/8b84053dc84695b7","status":"failed","statusDetails":"Element not found {[id=\"projectName\"]}\nExpected: visible\nScreenshot: file:/home/runner/work/Teamcity-tests/Teamcity-tests/target/surefare-reports/1708288033564.0.png\nPage source: file:/home/runner/work/Teamcity-tests/Teamcity-tests/target/surefare-reports/1708288033564.0.html\nTimeout: 10 s.\nCaused by: NoSuchElementException: Unable to locate element: [id=\"projectName\"]","time":{"start":1708287984181,"stop":1708288034223,"duration":50042}},{"uid":"5e5159010a8cc15","reportUrl":"https://AnnaBodrova.github.io/Teamcity-tests/64//#testresult/5e5159010a8cc15","status":"failed","statusDetails":"Element should exist {[class=\"Subproject__container--Px\"].snapshot(1 elements)[0]}\nElement: 'Ups, failed to described the element [caused by: StaleElementReferenceException: The element with the reference 50e716ff-deca-417c-89d3-d481584fe35a is stale; either its node document is not the active document, or it is no longer connected to the DOM]'\nActual value: does not exist\nScreenshot: file:/home/runner/work/Teamcity-tests/Teamcity-tests/target/surefare-reports/1708287526359.0.png\nPage source: file:/home/runner/work/Teamcity-tests/Teamcity-tests/target/surefare-reports/1708287526359.0.html\nTimeout: 4 s.","time":{"start":1708287470338,"stop":1708287526576,"duration":56238}},{"uid":"d846638e31086f76","reportUrl":"https://AnnaBodrova.github.io/Teamcity-tests/63//#testresult/d846638e31086f76","status":"failed","statusDetails":"Element not found {[class=\"Subproject__container--WE\"][0]}\nExpected: visible\nScreenshot: file:/home/runner/work/Teamcity-tests/Teamcity-tests/target/surefare-reports/1708286688587.0.png\nPage source: file:/home/runner/work/Teamcity-tests/Teamcity-tests/target/surefare-reports/1708286688587.0.html\nTimeout: 10 s.\nCaused by: NoSuchElementException: Unable to locate element: [class=\"Subproject__container--WE\"]","time":{"start":1708286622791,"stop":1708286688815,"duration":66024}},{"uid":"30c91ce9aaa8bfc3","reportUrl":"https://AnnaBodrova.github.io/Teamcity-tests/62//#testresult/30c91ce9aaa8bfc3","status":"failed","statusDetails":"Element not found {[id=\"projectName\"]}\nExpected: editable\nScreenshot: file:/home/runner/work/Teamcity-tests/Teamcity-tests/target/surefare-reports/1708285607586.0.png\nPage source: file:/home/runner/work/Teamcity-tests/Teamcity-tests/target/surefare-reports/1708285607586.0.html\nTimeout: 4 s.\nCaused by: NoSuchElementException: Unable to locate element: [id=\"projectName\"]","time":{"start":1708285566042,"stop":1708285607771,"duration":41729}},{"uid":"6ab3f9bfd0d73e08","reportUrl":"https://AnnaBodrova.github.io/Teamcity-tests/61//#testresult/6ab3f9bfd0d73e08","status":"failed","statusDetails":"Element not found {[id=\"projectName\"]}\nExpected: editable\nScreenshot: file:/home/runner/work/Teamcity-tests/Teamcity-tests/target/surefare-reports/1708284990795.0.png\nPage source: file:/home/runner/work/Teamcity-tests/Teamcity-tests/target/surefare-reports/1708284990795.0.html\nTimeout: 4 s.\nCaused by: NoSuchElementException: Unable to locate element: [id=\"projectName\"]","time":{"start":1708284942341,"stop":1708284991024,"duration":48683}},{"uid":"891d7d6f459780fb","reportUrl":"https://AnnaBodrova.github.io/Teamcity-tests/60//#testresult/891d7d6f459780fb","status":"failed","statusDetails":"Element not found {[id=\"projectName\"]}\nExpected: editable\nScreenshot: file:/home/runner/work/Teamcity-tests/Teamcity-tests/target/surefare-reports/1708284419015.0.png\nPage source: file:/home/runner/work/Teamcity-tests/Teamcity-tests/target/surefare-reports/1708284419015.0.html\nTimeout: 4 s.\nCaused by: NoSuchElementException: Unable to locate element: [id=\"projectName\"]","time":{"start":1708284379962,"stop":1708284419280,"duration":39318}},{"uid":"c3feaec9e0e16713","reportUrl":"https://AnnaBodrova.github.io/Teamcity-tests/59//#testresult/c3feaec9e0e16713","status":"failed","statusDetails":"Element not found {[id=\"projectName\"]}\nExpected: editable\nScreenshot: file:/home/runner/work/Teamcity-tests/Teamcity-tests/target/surefare-reports/1708283832525.0.png\nPage source: file:/home/runner/work/Teamcity-tests/Teamcity-tests/target/surefare-reports/1708283832525.0.html\nTimeout: 4 s.\nCaused by: NoSuchElementException: Unable to locate element: [id=\"projectName\"]","time":{"start":1708283790629,"stop":1708283832728,"duration":42099}},{"uid":"92b2dc1845ea2351","reportUrl":"https://AnnaBodrova.github.io/Teamcity-tests/58//#testresult/92b2dc1845ea2351","status":"failed","statusDetails":"Element not found {[id=\"projectName\"]}\nExpected: editable\nScreenshot: file:/home/runner/work/Teamcity-tests/Teamcity-tests/target/surefare-reports/1708282399132.0.png\nPage source: file:/home/runner/work/Teamcity-tests/Teamcity-tests/target/surefare-reports/1708282399132.0.html\nTimeout: 4 s.\nCaused by: NoSuchElementException: Unable to locate element: [id=\"projectName\"]","time":{"start":1708282357493,"stop":1708282399291,"duration":41798}},{"uid":"3cf101ec296a1176","reportUrl":"https://AnnaBodrova.github.io/Teamcity-tests/57//#testresult/3cf101ec296a1176","status":"failed","statusDetails":"Element not found {[id=\"projectName\"]}\nExpected: editable\nScreenshot: file:/home/runner/work/Teamcity-tests/Teamcity-tests/target/surefare-reports/1708281876455.0.png\nPage source: file:/home/runner/work/Teamcity-tests/Teamcity-tests/target/surefare-reports/1708281876455.0.html\nTimeout: 4 s.\nCaused by: NoSuchElementException: Unable to locate element: [id=\"projectName\"]","time":{"start":1708281835641,"stop":1708281876646,"duration":41005}}]},"tags":[]},"source":"a854f607b2346074.json","parameterValues":[]}