{"uid":"134ff71bc8ec7578","name":"buildConfigCannotBeCreatedWithoutDefaultBranch","fullName":"com.example.teamcity.ui.CreateNewProjectTest.buildConfigCannotBeCreatedWithoutDefaultBranch","historyId":"92bcb78cdd813f479c71dd6f70d027ec","time":{"start":1708503074545,"stop":1708503082103,"duration":7558},"status":"failed","statusMessage":"Element not found {[id=\"url\"]}\nExpected: exist\nScreenshot: file:/home/runner/work/Teamcity-tests/Teamcity-tests/target/surefare-reports/1708503081974.0.png\nPage source: file:/home/runner/work/Teamcity-tests/Teamcity-tests/target/surefare-reports/1708503081974.0.html\nTimeout: 4 s.\nCaused by: NoSuchElementException: Unable to locate element: [id=\"url\"]","statusTrace":"Element not found {[id=\"url\"]}\nExpected: exist\nScreenshot: file:/home/runner/work/Teamcity-tests/Teamcity-tests/target/surefare-reports/1708503081974.0.png\nPage source: file:/home/runner/work/Teamcity-tests/Teamcity-tests/target/surefare-reports/1708503081974.0.html\nTimeout: 4 s.\nCaused by: NoSuchElementException: Unable to locate element: [id=\"url\"]\n\tat com.codeborne.selenide.impl.WebElementSource.createElementNotFoundError(WebElementSource.java:91)\n\tat com.codeborne.selenide.impl.ElementFinder.createElementNotFoundError(ElementFinder.java:142)\n\tat com.codeborne.selenide.impl.ExceptionWrapper.wrap(ExceptionWrapper.java:32)\n\tat com.codeborne.selenide.impl.SelenideElementProxy.dispatchAndRetry(SelenideElementProxy.java:154)\n\tat com.codeborne.selenide.impl.SelenideElementProxy.invoke(SelenideElementProxy.java:84)\n\tat jdk.proxy2/jdk.proxy2.$Proxy42.sendKeys(Unknown Source)\n\tat com.example.teamcity.ui.pages.admin.CreateNewProject.createProjectByUrl(CreateNewProject.java:28)\n\tat com.example.teamcity.ui.CreateNewProjectTest.buildConfigCannotBeCreatedWithoutDefaultBranch(CreateNewProjectTest.java:72)\n\tat java.base/jdk.internal.reflect.NativeMethodAccessorImpl.invoke0(Native Method)\n\tat java.base/jdk.internal.reflect.NativeMethodAccessorImpl.invoke(NativeMethodAccessorImpl.java:77)\n\tat java.base/jdk.internal.reflect.DelegatingMethodAccessorImpl.invoke(DelegatingMethodAccessorImpl.java:43)\n\tat java.base/java.lang.reflect.Method.invoke(Method.java:568)\n\tat org.testng.internal.invokers.MethodInvocationHelper.invokeMethod(MethodInvocationHelper.java:139)\n\tat org.testng.internal.invokers.TestInvoker.invokeMethod(TestInvoker.java:677)\n\tat org.testng.internal.invokers.TestInvoker.invokeTestMethod(TestInvoker.java:221)\n\tat org.testng.internal.invokers.MethodRunner.runInSequence(MethodRunner.java:50)\n\tat org.testng.internal.invokers.TestInvoker$MethodInvocationAgent.invoke(TestInvoker.java:969)\n\tat org.testng.internal.invokers.TestInvoker.invokeTestMethods(TestInvoker.java:194)\n\tat org.testng.internal.invokers.TestMethodWorker.invokeTestMethods(TestMethodWorker.java:148)\n\tat org.testng.internal.invokers.TestMethodWorker.run(TestMethodWorker.java:128)\n\tat java.base/java.util.ArrayList.forEach(ArrayList.java:1511)\n\tat org.testng.TestRunner.privateRun(TestRunner.java:829)\n\tat org.testng.TestRunner.run(TestRunner.java:602)\n\tat org.testng.SuiteRunner.runTest(SuiteRunner.java:437)\n\tat org.testng.SuiteRunner.runSequentially(SuiteRunner.java:431)\n\tat org.testng.SuiteRunner.privateRun(SuiteRunner.java:391)\n\tat org.testng.SuiteRunner.run(SuiteRunner.java:330)\n\tat org.testng.SuiteRunnerWorker.runSuite(SuiteRunnerWorker.java:52)\n\tat org.testng.SuiteRunnerWorker.run(SuiteRunnerWorker.java:95)\n\tat org.testng.TestNG.runSuitesSequentially(TestNG.java:1256)\n\tat org.testng.TestNG.runSuitesLocally(TestNG.java:1176)\n\tat org.testng.TestNG.runSuites(TestNG.java:1099)\n\tat org.testng.TestNG.run(TestNG.java:1067)\n\tat org.apache.maven.surefire.testng.TestNGExecutor.run(TestNGExecutor.java:283)\n\tat org.apache.maven.surefire.testng.TestNGXmlTestSuite.execute(TestNGXmlTestSuite.java:75)\n\tat org.apache.maven.surefire.testng.TestNGProvider.invoke(TestNGProvider.java:120)\n\tat org.apache.maven.surefire.booter.ForkedBooter.invokeProviderInSameClassLoader(ForkedBooter.java:384)\n\tat org.apache.maven.surefire.booter.ForkedBooter.runSuitesInProcess(ForkedBooter.java:345)\n\tat org.apache.maven.surefire.booter.ForkedBooter.execute(ForkedBooter.java:126)\n\tat org.apache.maven.surefire.booter.ForkedBooter.main(ForkedBooter.java:418)\nCaused by: org.openqa.selenium.NoSuchElementException: Unable to locate element: [id=\"url\"]\nFor documentation on this error, please visit: https://www.selenium.dev/documentation/webdriver/troubleshooting/errors#no-such-element-exception\nBuild info: version: '4.13.0', revision: 'ba948ece5b*'\nSystem info: os.name: 'Linux', os.arch: 'amd64', os.version: '6.2.0-1019-azure', java.version: '17.0.10'\nDriver info: org.openqa.selenium.remote.RemoteWebDriver\nCommand: [1bdc2819-5705-4b0c-9169-105fa8a8dad1, findElement {using=css selector, value=[id=\"url\"]}]\nCapabilities {acceptInsecureCerts: true, browserName: firefox, browserVersion: 121.0.1, moz:accessibilityChecks: false, moz:buildID: 20240108143603, moz:debuggerAddress: 127.0.0.1:9222, moz:geckodriverVersion: 0.34.0, moz:headless: false, moz:platformVersion: 6.2.0-1019-azure, moz:processID: 76, moz:profile: /tmp/rust_mozprofileF2A6Jq, moz:shutdownTimeout: 60000, moz:webdriverClick: true, moz:windowless: false, pageLoadStrategy: normal, platformName: linux, proxy: Proxy(), se:cdp: ws://172.17.0.1:4444/devtoo..., setWindowRect: true, strictFileInteractability: false, timeouts: {implicit: 0, pageLoad: 300000, script: 30000}, unhandledPromptBehavior: accept}\nSession ID: 1bdc2819-5705-4b0c-9169-105fa8a8dad1\n\tat jdk.internal.reflect.GeneratedConstructorAccessor17.newInstance(Unknown Source)\n\tat java.base/jdk.internal.reflect.DelegatingConstructorAccessorImpl.newInstance(DelegatingConstructorAccessorImpl.java:45)\n\tat java.base/java.lang.reflect.Constructor.newInstanceWithCaller(Constructor.java:499)\n\tat java.base/java.lang.reflect.Constructor.newInstance(Constructor.java:480)\n\tat org.openqa.selenium.remote.codec.w3c.W3CHttpResponseCodec.createException(W3CHttpResponseCodec.java:200)\n\tat org.openqa.selenium.remote.codec.w3c.W3CHttpResponseCodec.decode(W3CHttpResponseCodec.java:133)\n\tat org.openqa.selenium.remote.codec.w3c.W3CHttpResponseCodec.decode(W3CHttpResponseCodec.java:52)\n\tat org.openqa.selenium.remote.HttpCommandExecutor.execute(HttpCommandExecutor.java:191)\n\tat org.openqa.selenium.remote.RemoteWebDriver.execute(RemoteWebDriver.java:602)\n\tat org.openqa.selenium.remote.ElementLocation$ElementFinder$2.findElement(ElementLocation.java:165)\n\tat org.openqa.selenium.remote.ElementLocation.findElement(ElementLocation.java:59)\n\tat org.openqa.selenium.remote.RemoteWebDriver.findElement(RemoteWebDriver.java:359)\n\tat org.openqa.selenium.remote.RemoteWebDriver.findElement(RemoteWebDriver.java:353)\n\tat com.codeborne.selenide.impl.WebElementSelector.findElement(WebElementSelector.java:70)\n\tat com.codeborne.selenide.impl.WebElementSelector.findElement(WebElementSelector.java:44)\n\tat com.codeborne.selenide.impl.WebElementSelector.findElement(WebElementSelector.java:33)\n\tat com.codeborne.selenide.impl.ElementFinder.getWebElement(ElementFinder.java:122)\n\tat com.codeborne.selenide.impl.SelenideElementProxy.dispatchAndRetry(SelenideElementProxy.java:135)\n\t... 36 more\n","flaky":false,"newFailed":true,"newBroken":false,"newPassed":false,"retriesCount":0,"retriesStatusChange":false,"beforeStages":[{"name":"beforeTest","time":{"start":1708503074543,"stop":1708503074543,"duration":0},"description":"","status":"passed","steps":[],"attachments":[],"parameters":[],"shouldDisplayMessage":false,"stepsCount":0,"attachmentsCount":0,"hasContent":false}],"afterStages":[{"name":"afterTest","time":{"start":1708503082115,"stop":1708503082115,"duration":0},"description":"","status":"passed","steps":[],"attachments":[],"parameters":[],"shouldDisplayMessage":false,"stepsCount":0,"attachmentsCount":0,"hasContent":false}],"labels":[{"name":"package","value":"com.example.teamcity.ui.CreateNewProjectTest"},{"name":"testClass","value":"com.example.teamcity.ui.CreateNewProjectTest"},{"name":"testMethod","value":"buildConfigCannotBeCreatedWithoutDefaultBranch"},{"name":"parentSuite","value":"API Suite"},{"name":"suite","value":"API Test"},{"name":"subSuite","value":"com.example.teamcity.ui.CreateNewProjectTest"},{"name":"host","value":"fv-az523-346"},{"name":"thread","value":"5922@fv-az523-346.main(1)"},{"name":"framework","value":"testng"},{"name":"language","value":"java"},{"name":"resultFormat","value":"allure2"}],"parameters":[],"links":[],"hidden":false,"retry":false,"extra":{"severity":"normal","retries":[],"categories":[{"name":"Product defects","matchedStatuses":[],"flaky":false}],"history":{"statistic":{"failed":5,"broken":2,"skipped":0,"passed":10,"unknown":0,"total":17},"items":[{"uid":"e3db41e1232a49aa","reportUrl":"https://AnnaBodrova.github.io/Teamcity-tests/70//#testresult/e3db41e1232a49aa","status":"passed","time":{"start":1708501312228,"stop":1708501319684,"duration":7456}},{"uid":"f9ac95bbd59f55b8","reportUrl":"https://AnnaBodrova.github.io/Teamcity-tests/69//#testresult/f9ac95bbd59f55b8","status":"passed","time":{"start":1708500343120,"stop":1708500353398,"duration":10278}},{"uid":"862117257cb9e0cb","reportUrl":"https://AnnaBodrova.github.io/Teamcity-tests/68//#testresult/862117257cb9e0cb","status":"passed","time":{"start":1708348519422,"stop":1708348526613,"duration":7191}},{"uid":"f27a5ffe8cb0d2a7","reportUrl":"https://AnnaBodrova.github.io/Teamcity-tests/68//#testresult/f27a5ffe8cb0d2a7","status":"passed","time":{"start":1708347500462,"stop":1708347509189,"duration":8727}},{"uid":"46b33e1100e86fc2","reportUrl":"https://AnnaBodrova.github.io/Teamcity-tests/67//#testresult/46b33e1100e86fc2","status":"broken","statusDetails":"com/fasterxml/jackson/annotation/JsonKey","time":{"start":1708346686204,"stop":1708346686233,"duration":29}},{"uid":"4ffc660084df6d71","reportUrl":"https://AnnaBodrova.github.io/Teamcity-tests/66//#testresult/4ffc660084df6d71","status":"broken","statusDetails":"com/fasterxml/jackson/annotation/JsonKey","time":{"start":1708332721270,"stop":1708332721311,"duration":41}},{"uid":"9115bc99462d9e8a","reportUrl":"https://AnnaBodrova.github.io/Teamcity-tests/65//#testresult/9115bc99462d9e8a","status":"passed","time":{"start":1708289393023,"stop":1708289400545,"duration":7522}},{"uid":"622250484507c723","reportUrl":"https://AnnaBodrova.github.io/Teamcity-tests/64//#testresult/622250484507c723","status":"passed","time":{"start":1708288034283,"stop":1708288042693,"duration":8410}},{"uid":"2d6906c1ceccec18","reportUrl":"https://AnnaBodrova.github.io/Teamcity-tests/64//#testresult/2d6906c1ceccec18","status":"passed","time":{"start":1708287526637,"stop":1708287534606,"duration":7969}},{"uid":"d2b6dc6e67aca201","reportUrl":"https://AnnaBodrova.github.io/Teamcity-tests/63//#testresult/d2b6dc6e67aca201","status":"passed","time":{"start":1708286688864,"stop":1708286695859,"duration":6995}},{"uid":"56242541cf84da1d","reportUrl":"https://AnnaBodrova.github.io/Teamcity-tests/62//#testresult/56242541cf84da1d","status":"failed","statusDetails":"Element not found {[id=\"branch\"]}\nExpected: editable\nScreenshot: file:/home/runner/work/Teamcity-tests/Teamcity-tests/target/surefare-reports/1708285616785.1.png\nPage source: file:/home/runner/work/Teamcity-tests/Teamcity-tests/target/surefare-reports/1708285616785.1.html\nTimeout: 4 s.\nCaused by: NoSuchElementException: Unable to locate element: [id=\"branch\"]","time":{"start":1708285607794,"stop":1708285617313,"duration":9519}},{"uid":"f621315583dad633","reportUrl":"https://AnnaBodrova.github.io/Teamcity-tests/61//#testresult/f621315583dad633","status":"passed","time":{"start":1708284991087,"stop":1708285002475,"duration":11388}},{"uid":"8788872ed3091c22","reportUrl":"https://AnnaBodrova.github.io/Teamcity-tests/60//#testresult/8788872ed3091c22","status":"failed","statusDetails":"Element not found {[id=\"branch\"]}\nExpected: editable\nScreenshot: file:/home/runner/work/Teamcity-tests/Teamcity-tests/target/surefare-reports/1708284428823.1.png\nPage source: file:/home/runner/work/Teamcity-tests/Teamcity-tests/target/surefare-reports/1708284428823.1.html\nTimeout: 4 s.\nCaused by: NoSuchElementException: Unable to locate element: [id=\"branch\"]","time":{"start":1708284419322,"stop":1708284429429,"duration":10107}},{"uid":"424b8f6204faf6fc","reportUrl":"https://AnnaBodrova.github.io/Teamcity-tests/59//#testresult/424b8f6204faf6fc","status":"failed","statusDetails":"Element not found {[id=\"url\"]}\nExpected: exist\nScreenshot: file:/home/runner/work/Teamcity-tests/Teamcity-tests/target/surefare-reports/1708283840804.1.png\nPage source: file:/home/runner/work/Teamcity-tests/Teamcity-tests/target/surefare-reports/1708283840804.1.html\nTimeout: 4 s.\nCaused by: NoSuchElementException: Unable to locate element: [id=\"url\"]","time":{"start":1708283832763,"stop":1708283840926,"duration":8163}},{"uid":"e477b117014701df","reportUrl":"https://AnnaBodrova.github.io/Teamcity-tests/58//#testresult/e477b117014701df","status":"failed","statusDetails":"Element not found {[id=\"branch\"]}\nExpected: editable\nScreenshot: file:/home/runner/work/Teamcity-tests/Teamcity-tests/target/surefare-reports/1708282408151.1.png\nPage source: file:/home/runner/work/Teamcity-tests/Teamcity-tests/target/surefare-reports/1708282408151.1.html\nTimeout: 4 s.\nCaused by: NoSuchElementException: Unable to locate element: [id=\"branch\"]","time":{"start":1708282399341,"stop":1708282408222,"duration":8881}},{"uid":"342d6cd766f001d5","reportUrl":"https://AnnaBodrova.github.io/Teamcity-tests/57//#testresult/342d6cd766f001d5","status":"passed","time":{"start":1708281876675,"stop":1708281887092,"duration":10417}}]},"tags":[]},"source":"134ff71bc8ec7578.json","parameterValues":[]}