{"uid":"831568ba3e2a1c93","name":"authorizedUserShouldBeAbleToRunBuild","fullName":"com.example.teamcity.ui.RunBuildTest.authorizedUserShouldBeAbleToRunBuild","historyId":"ffc1c7a6929535a76f8ebbfba605bb11","time":{"start":1708285002485,"stop":1708285021916,"duration":19431},"status":"failed","statusMessage":"Element not found {[class=\"Subproject__container--WE\"][0]}\nExpected: visible\nScreenshot: file:/home/runner/work/Teamcity-tests/Teamcity-tests/target/surefare-reports/1708285021794.1.png\nPage source: file:/home/runner/work/Teamcity-tests/Teamcity-tests/target/surefare-reports/1708285021794.1.html\nTimeout: 10 s.\nCaused by: NoSuchElementException: Unable to locate element: [class=\"Subproject__container--WE\"]","statusTrace":"Element not found {[class=\"Subproject__container--WE\"][0]}\nExpected: visible\nScreenshot: file:/home/runner/work/Teamcity-tests/Teamcity-tests/target/surefare-reports/1708285021794.1.png\nPage source: file:/home/runner/work/Teamcity-tests/Teamcity-tests/target/surefare-reports/1708285021794.1.html\nTimeout: 10 s.\nCaused by: NoSuchElementException: Unable to locate element: [class=\"Subproject__container--WE\"]\n\tat com.codeborne.selenide.impl.CollectionElement.createElementNotFoundError(CollectionElement.java:61)\n\tat com.codeborne.selenide.impl.WebElementSource.handleError(WebElementSource.java:143)\n\tat com.codeborne.selenide.impl.WebElementSource.checkConditionAndReturnElement(WebElementSource.java:127)\n\tat com.codeborne.selenide.impl.WebElementSource.checkCondition(WebElementSource.java:104)\n\tat com.codeborne.selenide.commands.Should.execute(Should.java:30)\n\tat com.codeborne.selenide.commands.Should.execute(Should.java:14)\n\tat com.codeborne.selenide.commands.Commands.execute(Commands.java:161)\n\tat com.codeborne.selenide.impl.SelenideElementProxy.dispatchAndRetry(SelenideElementProxy.java:132)\n\tat com.codeborne.selenide.impl.SelenideElementProxy.invoke(SelenideElementProxy.java:84)\n\tat jdk.proxy2/jdk.proxy2.$Proxy32.shouldBe(Unknown Source)\n\tat com.example.teamcity.ui.pages.ProjectsPage.getSubprojects(ProjectsPage.java:26)\n\tat com.example.teamcity.ui.RunBuildTest.authorizedUserShouldBeAbleToRunBuild(RunBuildTest.java:21)\n\tat java.base/jdk.internal.reflect.NativeMethodAccessorImpl.invoke0(Native Method)\n\tat java.base/jdk.internal.reflect.NativeMethodAccessorImpl.invoke(NativeMethodAccessorImpl.java:77)\n\tat java.base/jdk.internal.reflect.DelegatingMethodAccessorImpl.invoke(DelegatingMethodAccessorImpl.java:43)\n\tat java.base/java.lang.reflect.Method.invoke(Method.java:568)\n\tat org.testng.internal.invokers.MethodInvocationHelper.invokeMethod(MethodInvocationHelper.java:139)\n\tat org.testng.internal.invokers.TestInvoker.invokeMethod(TestInvoker.java:677)\n\tat org.testng.internal.invokers.TestInvoker.invokeTestMethod(TestInvoker.java:221)\n\tat org.testng.internal.invokers.MethodRunner.runInSequence(MethodRunner.java:50)\n\tat org.testng.internal.invokers.TestInvoker$MethodInvocationAgent.invoke(TestInvoker.java:969)\n\tat org.testng.internal.invokers.TestInvoker.invokeTestMethods(TestInvoker.java:194)\n\tat org.testng.internal.invokers.TestMethodWorker.invokeTestMethods(TestMethodWorker.java:148)\n\tat org.testng.internal.invokers.TestMethodWorker.run(TestMethodWorker.java:128)\n\tat java.base/java.util.ArrayList.forEach(ArrayList.java:1511)\n\tat org.testng.TestRunner.privateRun(TestRunner.java:829)\n\tat org.testng.TestRunner.run(TestRunner.java:602)\n\tat org.testng.SuiteRunner.runTest(SuiteRunner.java:437)\n\tat org.testng.SuiteRunner.runSequentially(SuiteRunner.java:431)\n\tat org.testng.SuiteRunner.privateRun(SuiteRunner.java:391)\n\tat org.testng.SuiteRunner.run(SuiteRunner.java:330)\n\tat org.testng.SuiteRunnerWorker.runSuite(SuiteRunnerWorker.java:52)\n\tat org.testng.SuiteRunnerWorker.run(SuiteRunnerWorker.java:95)\n\tat org.testng.TestNG.runSuitesSequentially(TestNG.java:1256)\n\tat org.testng.TestNG.runSuitesLocally(TestNG.java:1176)\n\tat org.testng.TestNG.runSuites(TestNG.java:1099)\n\tat org.testng.TestNG.run(TestNG.java:1067)\n\tat org.apache.maven.surefire.testng.TestNGExecutor.run(TestNGExecutor.java:283)\n\tat org.apache.maven.surefire.testng.TestNGXmlTestSuite.execute(TestNGXmlTestSuite.java:75)\n\tat org.apache.maven.surefire.testng.TestNGProvider.invoke(TestNGProvider.java:120)\n\tat org.apache.maven.surefire.booter.ForkedBooter.invokeProviderInSameClassLoader(ForkedBooter.java:384)\n\tat org.apache.maven.surefire.booter.ForkedBooter.runSuitesInProcess(ForkedBooter.java:345)\n\tat org.apache.maven.surefire.booter.ForkedBooter.execute(ForkedBooter.java:126)\n\tat org.apache.maven.surefire.booter.ForkedBooter.main(ForkedBooter.java:418)\nCaused by: org.openqa.selenium.NoSuchElementException: Unable to locate element: [class=\"Subproject__container--WE\"]\nFor documentation on this error, please visit: https://www.selenium.dev/documentation/webdriver/troubleshooting/errors#no-such-element-exception\nBuild info: version: '4.13.0', revision: 'ba948ece5b*'\nSystem info: os.name: 'Linux', os.arch: 'amd64', os.version: '6.2.0-1019-azure', java.version: '17.0.10'\nDriver info: org.openqa.selenium.remote.RemoteWebDriver\nCommand: [bad51cbc-33f3-4f79-aa58-446e59263524, findElement {using=css selector, value=[class=\"Subproject__container--WE\"]}]\nCapabilities {acceptInsecureCerts: true, browserName: firefox, browserVersion: 121.0.1, moz:accessibilityChecks: false, moz:buildID: 20240108143603, moz:debuggerAddress: 127.0.0.1:9222, moz:geckodriverVersion: 0.34.0, moz:headless: false, moz:platformVersion: 6.2.0-1019-azure, moz:processID: 78, moz:profile: /tmp/rust_mozprofilemQBB0d, moz:shutdownTimeout: 60000, moz:webdriverClick: true, moz:windowless: false, pageLoadStrategy: normal, platformName: linux, proxy: Proxy(), se:cdp: ws://172.17.0.1:4444/devtoo..., setWindowRect: true, strictFileInteractability: false, timeouts: {implicit: 0, pageLoad: 300000, script: 30000}, unhandledPromptBehavior: accept}\nSession ID: bad51cbc-33f3-4f79-aa58-446e59263524\n\tat jdk.internal.reflect.GeneratedConstructorAccessor17.newInstance(Unknown Source)\n\tat java.base/jdk.internal.reflect.DelegatingConstructorAccessorImpl.newInstance(DelegatingConstructorAccessorImpl.java:45)\n\tat java.base/java.lang.reflect.Constructor.newInstanceWithCaller(Constructor.java:499)\n\tat java.base/java.lang.reflect.Constructor.newInstance(Constructor.java:480)\n\tat org.openqa.selenium.remote.codec.w3c.W3CHttpResponseCodec.createException(W3CHttpResponseCodec.java:200)\n\tat org.openqa.selenium.remote.codec.w3c.W3CHttpResponseCodec.decode(W3CHttpResponseCodec.java:133)\n\tat org.openqa.selenium.remote.codec.w3c.W3CHttpResponseCodec.decode(W3CHttpResponseCodec.java:52)\n\tat org.openqa.selenium.remote.HttpCommandExecutor.execute(HttpCommandExecutor.java:191)\n\tat org.openqa.selenium.remote.RemoteWebDriver.execute(RemoteWebDriver.java:602)\n\tat org.openqa.selenium.remote.ElementLocation$ElementFinder$2.findElement(ElementLocation.java:165)\n\tat org.openqa.selenium.remote.ElementLocation.findElement(ElementLocation.java:59)\n\tat org.openqa.selenium.remote.RemoteWebDriver.findElement(RemoteWebDriver.java:359)\n\tat org.openqa.selenium.remote.RemoteWebDriver.findElement(RemoteWebDriver.java:353)\n\tat com.codeborne.selenide.impl.WebElementSelector.findElement(WebElementSelector.java:70)\n\tat com.codeborne.selenide.impl.WebElementSelector.findElement(WebElementSelector.java:44)\n\tat com.codeborne.selenide.impl.WebElementSelector.findElement(WebElementSelector.java:33)\n\tat com.codeborne.selenide.impl.BySelectorCollection.getElement(BySelectorCollection.java:47)\n\tat com.codeborne.selenide.impl.CollectionElement.getWebElement(CollectionElement.java:46)\n\tat com.codeborne.selenide.impl.WebElementSource.checkConditionAndReturnElement(WebElementSource.java:116)\n\t... 41 more\n","flaky":false,"newFailed":false,"newBroken":false,"newPassed":false,"retriesCount":0,"retriesStatusChange":false,"beforeStages":[{"name":"beforeTest","time":{"start":1708285002482,"stop":1708285002482,"duration":0},"description":"","status":"passed","steps":[],"attachments":[],"parameters":[],"shouldDisplayMessage":false,"stepsCount":0,"attachmentsCount":0,"hasContent":false}],"afterStages":[{"name":"afterTest","time":{"start":1708285021920,"stop":1708285021920,"duration":0},"description":"","status":"passed","steps":[],"attachments":[],"parameters":[],"shouldDisplayMessage":false,"stepsCount":0,"attachmentsCount":0,"hasContent":false}],"labels":[{"name":"package","value":"com.example.teamcity.ui.RunBuildTest"},{"name":"testClass","value":"com.example.teamcity.ui.RunBuildTest"},{"name":"testMethod","value":"authorizedUserShouldBeAbleToRunBuild"},{"name":"parentSuite","value":"API Suite"},{"name":"suite","value":"API Test"},{"name":"subSuite","value":"com.example.teamcity.ui.RunBuildTest"},{"name":"host","value":"fv-az665-591"},{"name":"thread","value":"5648@fv-az665-591.main(1)"},{"name":"framework","value":"testng"},{"name":"language","value":"java"},{"name":"resultFormat","value":"allure2"}],"parameters":[],"links":[],"hidden":false,"retry":false,"extra":{"severity":"normal","retries":[],"categories":[{"name":"Product defects","matchedStatuses":[],"flaky":false}],"history":{"statistic":{"failed":5,"broken":0,"skipped":0,"passed":0,"unknown":0,"total":5},"items":[{"uid":"b146eaa8d3547525","reportUrl":"https://AnnaBodrova.github.io/Teamcity-tests/60//#testresult/b146eaa8d3547525","status":"failed","statusDetails":"Element not found {[class=\"Subproject__container--WE\"][0]}\nExpected: visible\nScreenshot: file:/home/runner/work/Teamcity-tests/Teamcity-tests/target/surefare-reports/1708284449685.2.png\nPage source: file:/home/runner/work/Teamcity-tests/Teamcity-tests/target/surefare-reports/1708284449685.2.html\nTimeout: 10 s.\nCaused by: NoSuchElementException: Unable to locate element: [class=\"Subproject__container--WE\"]","time":{"start":1708284429438,"stop":1708284449793,"duration":20355}},{"uid":"c2131143097cd01e","reportUrl":"https://AnnaBodrova.github.io/Teamcity-tests/59//#testresult/c2131143097cd01e","status":"failed","statusDetails":"Element not found {[class=\"Subproject__container--WE\"][0]}\nExpected: visible\nScreenshot: file:/home/runner/work/Teamcity-tests/Teamcity-tests/target/surefare-reports/1708283863099.2.png\nPage source: file:/home/runner/work/Teamcity-tests/Teamcity-tests/target/surefare-reports/1708283863099.2.html\nTimeout: 10 s.\nCaused by: NoSuchElementException: Unable to locate element: [class=\"Subproject__container--WE\"]","time":{"start":1708283840933,"stop":1708283863214,"duration":22281}},{"uid":"2c481df0a5de50e9","reportUrl":"https://AnnaBodrova.github.io/Teamcity-tests/58//#testresult/2c481df0a5de50e9","status":"failed","statusDetails":"Element not found {[class=\"Subproject__container--WE\"][0]}\nExpected: visible\nScreenshot: file:/home/runner/work/Teamcity-tests/Teamcity-tests/target/surefare-reports/1708282427662.2.png\nPage source: file:/home/runner/work/Teamcity-tests/Teamcity-tests/target/surefare-reports/1708282427662.2.html\nTimeout: 10 s.\nCaused by: NoSuchElementException: Unable to locate element: [class=\"Subproject__container--WE\"]","time":{"start":1708282408232,"stop":1708282427799,"duration":19567}},{"uid":"3f6c558bf46acf7","reportUrl":"https://AnnaBodrova.github.io/Teamcity-tests/57//#testresult/3f6c558bf46acf7","status":"failed","statusDetails":"Element not found {[class=\"Subproject__container--WE\"][0]}\nExpected: visible\nScreenshot: file:/home/runner/work/Teamcity-tests/Teamcity-tests/target/surefare-reports/1708281906052.1.png\nPage source: file:/home/runner/work/Teamcity-tests/Teamcity-tests/target/surefare-reports/1708281906052.1.html\nTimeout: 10 s.\nCaused by: NoSuchElementException: Unable to locate element: [class=\"Subproject__container--WE\"]","time":{"start":1708281887099,"stop":1708281906192,"duration":19093}}]},"tags":[]},"source":"831568ba3e2a1c93.json","parameterValues":[]}