{"uid":"26aa412c8e840706","name":"authorizedUserShouldBeAbleCreateNewProjectAndBuildConfig","fullName":"com.example.teamcity.ui.CreateNewProjectTest.authorizedUserShouldBeAbleCreateNewProjectAndBuildConfig","historyId":"b61bb38593414b196791b7d49e2d9135","time":{"start":1708289339664,"stop":1708289392967,"duration":53303},"status":"failed","statusMessage":"Element should exist {[class=\"Subproject__container--Px\"].snapshot(1 elements)[0]}\nElement: 'Ups, failed to described the element [caused by: StaleElementReferenceException: The element with the reference 5e0c2095-c97a-4741-bc51-997b4865db5c is stale; either its node document is not the active document, or it is no longer connected to the DOM]'\nActual value: does not exist\nScreenshot: file:/home/runner/work/Teamcity-tests/Teamcity-tests/target/surefare-reports/1708289392748.0.png\nPage source: file:/home/runner/work/Teamcity-tests/Teamcity-tests/target/surefare-reports/1708289392748.0.html\nTimeout: 4 s.","statusTrace":"Element should exist {[class=\"Subproject__container--Px\"].snapshot(1 elements)[0]}\nElement: 'Ups, failed to described the element [caused by: StaleElementReferenceException: The element with the reference 5e0c2095-c97a-4741-bc51-997b4865db5c is stale; either its node document is not the active document, or it is no longer connected to the DOM]'\nActual value: does not exist\nScreenshot: file:/home/runner/work/Teamcity-tests/Teamcity-tests/target/surefare-reports/1708289392748.0.png\nPage source: file:/home/runner/work/Teamcity-tests/Teamcity-tests/target/surefare-reports/1708289392748.0.html\nTimeout: 4 s.\n\tat com.codeborne.selenide.impl.WebElementSource.handleError(WebElementSource.java:149)\n\tat com.codeborne.selenide.impl.WebElementSource.checkConditionAndReturnElement(WebElementSource.java:127)\n\tat com.codeborne.selenide.impl.WebElementSource.checkCondition(WebElementSource.java:104)\n\tat com.codeborne.selenide.impl.ElementFinder.createElementNotFoundError(ElementFinder.java:139)\n\tat com.codeborne.selenide.impl.WebElementSource.handleError(WebElementSource.java:143)\n\tat com.codeborne.selenide.impl.WebElementSource.checkConditionAndReturnElement(WebElementSource.java:127)\n\tat com.codeborne.selenide.impl.WebElementSource.checkCondition(WebElementSource.java:104)\n\tat com.codeborne.selenide.commands.Should.execute(Should.java:30)\n\tat com.codeborne.selenide.commands.Should.execute(Should.java:14)\n\tat com.codeborne.selenide.commands.Commands.execute(Commands.java:161)\n\tat com.codeborne.selenide.impl.SelenideElementProxy.dispatchAndRetry(SelenideElementProxy.java:132)\n\tat com.codeborne.selenide.impl.SelenideElementProxy.invoke(SelenideElementProxy.java:84)\n\tat jdk.proxy2/jdk.proxy2.$Proxy32.shouldHave(Unknown Source)\n\tat com.example.teamcity.ui.CreateNewProjectTest.authorizedUserShouldBeAbleCreateNewProjectAndBuildConfig(CreateNewProjectTest.java:40)\n\tat java.base/jdk.internal.reflect.NativeMethodAccessorImpl.invoke0(Native Method)\n\tat java.base/jdk.internal.reflect.NativeMethodAccessorImpl.invoke(NativeMethodAccessorImpl.java:77)\n\tat java.base/jdk.internal.reflect.DelegatingMethodAccessorImpl.invoke(DelegatingMethodAccessorImpl.java:43)\n\tat java.base/java.lang.reflect.Method.invoke(Method.java:568)\n\tat org.testng.internal.invokers.MethodInvocationHelper.invokeMethod(MethodInvocationHelper.java:139)\n\tat org.testng.internal.invokers.TestInvoker.invokeMethod(TestInvoker.java:677)\n\tat org.testng.internal.invokers.TestInvoker.invokeTestMethod(TestInvoker.java:221)\n\tat org.testng.internal.invokers.MethodRunner.runInSequence(MethodRunner.java:50)\n\tat org.testng.internal.invokers.TestInvoker$MethodInvocationAgent.invoke(TestInvoker.java:969)\n\tat org.testng.internal.invokers.TestInvoker.invokeTestMethods(TestInvoker.java:194)\n\tat org.testng.internal.invokers.TestMethodWorker.invokeTestMethods(TestMethodWorker.java:148)\n\tat org.testng.internal.invokers.TestMethodWorker.run(TestMethodWorker.java:128)\n\tat java.base/java.util.ArrayList.forEach(ArrayList.java:1511)\n\tat org.testng.TestRunner.privateRun(TestRunner.java:829)\n\tat org.testng.TestRunner.run(TestRunner.java:602)\n\tat org.testng.SuiteRunner.runTest(SuiteRunner.java:437)\n\tat org.testng.SuiteRunner.runSequentially(SuiteRunner.java:431)\n\tat org.testng.SuiteRunner.privateRun(SuiteRunner.java:391)\n\tat org.testng.SuiteRunner.run(SuiteRunner.java:330)\n\tat org.testng.SuiteRunnerWorker.runSuite(SuiteRunnerWorker.java:52)\n\tat org.testng.SuiteRunnerWorker.run(SuiteRunnerWorker.java:95)\n\tat org.testng.TestNG.runSuitesSequentially(TestNG.java:1256)\n\tat org.testng.TestNG.runSuitesLocally(TestNG.java:1176)\n\tat org.testng.TestNG.runSuites(TestNG.java:1099)\n\tat org.testng.TestNG.run(TestNG.java:1067)\n\tat org.apache.maven.surefire.testng.TestNGExecutor.run(TestNGExecutor.java:283)\n\tat org.apache.maven.surefire.testng.TestNGXmlTestSuite.execute(TestNGXmlTestSuite.java:75)\n\tat org.apache.maven.surefire.testng.TestNGProvider.invoke(TestNGProvider.java:120)\n\tat org.apache.maven.surefire.booter.ForkedBooter.invokeProviderInSameClassLoader(ForkedBooter.java:384)\n\tat org.apache.maven.surefire.booter.ForkedBooter.runSuitesInProcess(ForkedBooter.java:345)\n\tat org.apache.maven.surefire.booter.ForkedBooter.execute(ForkedBooter.java:126)\n\tat org.apache.maven.surefire.booter.ForkedBooter.main(ForkedBooter.java:418)\n","flaky":false,"newFailed":false,"newBroken":false,"newPassed":false,"retriesCount":0,"retriesStatusChange":false,"beforeStages":[{"name":"beforeTest","time":{"start":1708289338941,"stop":1708289339449,"duration":508},"description":"","status":"passed","steps":[],"attachments":[],"parameters":[],"shouldDisplayMessage":false,"stepsCount":0,"attachmentsCount":0,"hasContent":false}],"afterStages":[{"name":"afterTest","time":{"start":1708289393009,"stop":1708289393011,"duration":2},"description":"","status":"passed","steps":[],"attachments":[],"parameters":[],"shouldDisplayMessage":false,"stepsCount":0,"attachmentsCount":0,"hasContent":false}],"labels":[{"name":"package","value":"com.example.teamcity.ui.CreateNewProjectTest"},{"name":"testClass","value":"com.example.teamcity.ui.CreateNewProjectTest"},{"name":"testMethod","value":"authorizedUserShouldBeAbleCreateNewProjectAndBuildConfig"},{"name":"parentSuite","value":"API Suite"},{"name":"suite","value":"API Test"},{"name":"subSuite","value":"com.example.teamcity.ui.CreateNewProjectTest"},{"name":"host","value":"fv-az1543-764"},{"name":"thread","value":"5742@fv-az1543-764.main(1)"},{"name":"framework","value":"testng"},{"name":"language","value":"java"},{"name":"resultFormat","value":"allure2"}],"parameters":[],"links":[],"hidden":false,"retry":false,"extra":{"severity":"normal","retries":[],"categories":[{"name":"Product defects","matchedStatuses":[],"flaky":false}],"history":{"statistic":{"failed":10,"broken":0,"skipped":0,"passed":0,"unknown":0,"total":10},"items":[{"uid":"8b84053dc84695b7","reportUrl":"https://AnnaBodrova.github.io/Teamcity-tests/64//#testresult/8b84053dc84695b7","status":"failed","statusDetails":"Element not found {[id=\"projectName\"]}\nExpected: visible\nScreenshot: file:/home/runner/work/Teamcity-tests/Teamcity-tests/target/surefare-reports/1708288033564.0.png\nPage source: file:/home/runner/work/Teamcity-tests/Teamcity-tests/target/surefare-reports/1708288033564.0.html\nTimeout: 10 s.\nCaused by: NoSuchElementException: Unable to locate element: [id=\"projectName\"]","time":{"start":1708287984181,"stop":1708288034223,"duration":50042}},{"uid":"5e5159010a8cc15","reportUrl":"https://AnnaBodrova.github.io/Teamcity-tests/64//#testresult/5e5159010a8cc15","status":"failed","statusDetails":"Element should exist {[class=\"Subproject__container--Px\"].snapshot(1 elements)[0]}\nElement: 'Ups, failed to described the element [caused by: StaleElementReferenceException: The element with the reference 50e716ff-deca-417c-89d3-d481584fe35a is stale; either its node document is not the active document, or it is no longer connected to the DOM]'\nActual value: does not exist\nScreenshot: file:/home/runner/work/Teamcity-tests/Teamcity-tests/target/surefare-reports/1708287526359.0.png\nPage source: file:/home/runner/work/Teamcity-tests/Teamcity-tests/target/surefare-reports/1708287526359.0.html\nTimeout: 4 s.","time":{"start":1708287470338,"stop":1708287526576,"duration":56238}},{"uid":"d846638e31086f76","reportUrl":"https://AnnaBodrova.github.io/Teamcity-tests/63//#testresult/d846638e31086f76","status":"failed","statusDetails":"Element not found {[class=\"Subproject__container--WE\"][0]}\nExpected: visible\nScreenshot: file:/home/runner/work/Teamcity-tests/Teamcity-tests/target/surefare-reports/1708286688587.0.png\nPage source: file:/home/runner/work/Teamcity-tests/Teamcity-tests/target/surefare-reports/1708286688587.0.html\nTimeout: 10 s.\nCaused by: NoSuchElementException: Unable to locate element: [class=\"Subproject__container--WE\"]","time":{"start":1708286622791,"stop":1708286688815,"duration":66024}},{"uid":"30c91ce9aaa8bfc3","reportUrl":"https://AnnaBodrova.github.io/Teamcity-tests/62//#testresult/30c91ce9aaa8bfc3","status":"failed","statusDetails":"Element not found {[id=\"projectName\"]}\nExpected: editable\nScreenshot: file:/home/runner/work/Teamcity-tests/Teamcity-tests/target/surefare-reports/1708285607586.0.png\nPage source: file:/home/runner/work/Teamcity-tests/Teamcity-tests/target/surefare-reports/1708285607586.0.html\nTimeout: 4 s.\nCaused by: NoSuchElementException: Unable to locate element: [id=\"projectName\"]","time":{"start":1708285566042,"stop":1708285607771,"duration":41729}},{"uid":"6ab3f9bfd0d73e08","reportUrl":"https://AnnaBodrova.github.io/Teamcity-tests/61//#testresult/6ab3f9bfd0d73e08","status":"failed","statusDetails":"Element not found {[id=\"projectName\"]}\nExpected: editable\nScreenshot: file:/home/runner/work/Teamcity-tests/Teamcity-tests/target/surefare-reports/1708284990795.0.png\nPage source: file:/home/runner/work/Teamcity-tests/Teamcity-tests/target/surefare-reports/1708284990795.0.html\nTimeout: 4 s.\nCaused by: NoSuchElementException: Unable to locate element: [id=\"projectName\"]","time":{"start":1708284942341,"stop":1708284991024,"duration":48683}},{"uid":"891d7d6f459780fb","reportUrl":"https://AnnaBodrova.github.io/Teamcity-tests/60//#testresult/891d7d6f459780fb","status":"failed","statusDetails":"Element not found {[id=\"projectName\"]}\nExpected: editable\nScreenshot: file:/home/runner/work/Teamcity-tests/Teamcity-tests/target/surefare-reports/1708284419015.0.png\nPage source: file:/home/runner/work/Teamcity-tests/Teamcity-tests/target/surefare-reports/1708284419015.0.html\nTimeout: 4 s.\nCaused by: NoSuchElementException: Unable to locate element: [id=\"projectName\"]","time":{"start":1708284379962,"stop":1708284419280,"duration":39318}},{"uid":"c3feaec9e0e16713","reportUrl":"https://AnnaBodrova.github.io/Teamcity-tests/59//#testresult/c3feaec9e0e16713","status":"failed","statusDetails":"Element not found {[id=\"projectName\"]}\nExpected: editable\nScreenshot: file:/home/runner/work/Teamcity-tests/Teamcity-tests/target/surefare-reports/1708283832525.0.png\nPage source: file:/home/runner/work/Teamcity-tests/Teamcity-tests/target/surefare-reports/1708283832525.0.html\nTimeout: 4 s.\nCaused by: NoSuchElementException: Unable to locate element: [id=\"projectName\"]","time":{"start":1708283790629,"stop":1708283832728,"duration":42099}},{"uid":"92b2dc1845ea2351","reportUrl":"https://AnnaBodrova.github.io/Teamcity-tests/58//#testresult/92b2dc1845ea2351","status":"failed","statusDetails":"Element not found {[id=\"projectName\"]}\nExpected: editable\nScreenshot: file:/home/runner/work/Teamcity-tests/Teamcity-tests/target/surefare-reports/1708282399132.0.png\nPage source: file:/home/runner/work/Teamcity-tests/Teamcity-tests/target/surefare-reports/1708282399132.0.html\nTimeout: 4 s.\nCaused by: NoSuchElementException: Unable to locate element: [id=\"projectName\"]","time":{"start":1708282357493,"stop":1708282399291,"duration":41798}},{"uid":"3cf101ec296a1176","reportUrl":"https://AnnaBodrova.github.io/Teamcity-tests/57//#testresult/3cf101ec296a1176","status":"failed","statusDetails":"Element not found {[id=\"projectName\"]}\nExpected: editable\nScreenshot: file:/home/runner/work/Teamcity-tests/Teamcity-tests/target/surefare-reports/1708281876455.0.png\nPage source: file:/home/runner/work/Teamcity-tests/Teamcity-tests/target/surefare-reports/1708281876455.0.html\nTimeout: 4 s.\nCaused by: NoSuchElementException: Unable to locate element: [id=\"projectName\"]","time":{"start":1708281835641,"stop":1708281876646,"duration":41005}}]},"tags":[]},"source":"26aa412c8e840706.json","parameterValues":[]}