{"uid":"2af7f8092d0f7bf8","name":"authorizedUserShouldBeAbleToRunBuild","fullName":"com.example.teamcity.ui.RunBuildTest.authorizedUserShouldBeAbleToRunBuild","historyId":"ffc1c7a6929535a76f8ebbfba605bb11","time":{"start":1708289400552,"stop":1708289415642,"duration":15090},"status":"failed","statusMessage":"Element should exist {[class=\"Subproject__container--Px\"].snapshot(1 elements)[0]}\nElement: 'Ups, failed to described the element [caused by: StaleElementReferenceException: The element with the reference cfaee581-de7f-44cc-8dfc-5862dbdb17b1 is stale; either its node document is not the active document, or it is no longer connected to the DOM]'\nActual value: does not exist\nScreenshot: file:/home/runner/work/Teamcity-tests/Teamcity-tests/target/surefare-reports/1708289415543.1.png\nPage source: file:/home/runner/work/Teamcity-tests/Teamcity-tests/target/surefare-reports/1708289415543.1.html\nTimeout: 4 s.","statusTrace":"Element should exist {[class=\"Subproject__container--Px\"].snapshot(1 elements)[0]}\nElement: 'Ups, failed to described the element [caused by: StaleElementReferenceException: The element with the reference cfaee581-de7f-44cc-8dfc-5862dbdb17b1 is stale; either its node document is not the active document, or it is no longer connected to the DOM]'\nActual value: does not exist\nScreenshot: file:/home/runner/work/Teamcity-tests/Teamcity-tests/target/surefare-reports/1708289415543.1.png\nPage source: file:/home/runner/work/Teamcity-tests/Teamcity-tests/target/surefare-reports/1708289415543.1.html\nTimeout: 4 s.\n\tat com.codeborne.selenide.impl.WebElementSource.handleError(WebElementSource.java:149)\n\tat com.codeborne.selenide.impl.WebElementSource.checkConditionAndReturnElement(WebElementSource.java:127)\n\tat com.codeborne.selenide.impl.WebElementSource.checkCondition(WebElementSource.java:104)\n\tat com.codeborne.selenide.impl.ElementFinder.createElementNotFoundError(ElementFinder.java:139)\n\tat com.codeborne.selenide.impl.WebElementSource.handleError(WebElementSource.java:143)\n\tat com.codeborne.selenide.impl.WebElementSource.checkConditionAndReturnElement(WebElementSource.java:127)\n\tat com.codeborne.selenide.impl.WebElementSource.findAndAssertElementIsClickable(WebElementSource.java:173)\n\tat com.codeborne.selenide.commands.Click.findElement(Click.java:46)\n\tat com.codeborne.selenide.commands.Click.execute(Click.java:28)\n\tat com.codeborne.selenide.commands.Click.execute(Click.java:21)\n\tat com.codeborne.selenide.commands.Commands.execute(Commands.java:161)\n\tat com.codeborne.selenide.impl.SelenideElementProxy.dispatchAndRetry(SelenideElementProxy.java:132)\n\tat com.codeborne.selenide.impl.SelenideElementProxy.invoke(SelenideElementProxy.java:84)\n\tat jdk.proxy2/jdk.proxy2.$Proxy32.click(Unknown Source)\n\tat com.example.teamcity.ui.elements.ProjectElement.openProject(ProjectElement.java:21)\n\tat com.example.teamcity.ui.RunBuildTest.authorizedUserShouldBeAbleToRunBuild(RunBuildTest.java:23)\n\tat java.base/jdk.internal.reflect.NativeMethodAccessorImpl.invoke0(Native Method)\n\tat java.base/jdk.internal.reflect.NativeMethodAccessorImpl.invoke(NativeMethodAccessorImpl.java:77)\n\tat java.base/jdk.internal.reflect.DelegatingMethodAccessorImpl.invoke(DelegatingMethodAccessorImpl.java:43)\n\tat java.base/java.lang.reflect.Method.invoke(Method.java:568)\n\tat org.testng.internal.invokers.MethodInvocationHelper.invokeMethod(MethodInvocationHelper.java:139)\n\tat org.testng.internal.invokers.TestInvoker.invokeMethod(TestInvoker.java:677)\n\tat org.testng.internal.invokers.TestInvoker.invokeTestMethod(TestInvoker.java:221)\n\tat org.testng.internal.invokers.MethodRunner.runInSequence(MethodRunner.java:50)\n\tat org.testng.internal.invokers.TestInvoker$MethodInvocationAgent.invoke(TestInvoker.java:969)\n\tat org.testng.internal.invokers.TestInvoker.invokeTestMethods(TestInvoker.java:194)\n\tat org.testng.internal.invokers.TestMethodWorker.invokeTestMethods(TestMethodWorker.java:148)\n\tat org.testng.internal.invokers.TestMethodWorker.run(TestMethodWorker.java:128)\n\tat java.base/java.util.ArrayList.forEach(ArrayList.java:1511)\n\tat org.testng.TestRunner.privateRun(TestRunner.java:829)\n\tat org.testng.TestRunner.run(TestRunner.java:602)\n\tat org.testng.SuiteRunner.runTest(SuiteRunner.java:437)\n\tat org.testng.SuiteRunner.runSequentially(SuiteRunner.java:431)\n\tat org.testng.SuiteRunner.privateRun(SuiteRunner.java:391)\n\tat org.testng.SuiteRunner.run(SuiteRunner.java:330)\n\tat org.testng.SuiteRunnerWorker.runSuite(SuiteRunnerWorker.java:52)\n\tat org.testng.SuiteRunnerWorker.run(SuiteRunnerWorker.java:95)\n\tat org.testng.TestNG.runSuitesSequentially(TestNG.java:1256)\n\tat org.testng.TestNG.runSuitesLocally(TestNG.java:1176)\n\tat org.testng.TestNG.runSuites(TestNG.java:1099)\n\tat org.testng.TestNG.run(TestNG.java:1067)\n\tat org.apache.maven.surefire.testng.TestNGExecutor.run(TestNGExecutor.java:283)\n\tat org.apache.maven.surefire.testng.TestNGXmlTestSuite.execute(TestNGXmlTestSuite.java:75)\n\tat org.apache.maven.surefire.testng.TestNGProvider.invoke(TestNGProvider.java:120)\n\tat org.apache.maven.surefire.booter.ForkedBooter.invokeProviderInSameClassLoader(ForkedBooter.java:384)\n\tat org.apache.maven.surefire.booter.ForkedBooter.runSuitesInProcess(ForkedBooter.java:345)\n\tat org.apache.maven.surefire.booter.ForkedBooter.execute(ForkedBooter.java:126)\n\tat org.apache.maven.surefire.booter.ForkedBooter.main(ForkedBooter.java:418)\n","flaky":true,"newFailed":true,"newBroken":false,"newPassed":false,"retriesCount":0,"retriesStatusChange":false,"beforeStages":[{"name":"beforeTest","time":{"start":1708289400550,"stop":1708289400550,"duration":0},"description":"","status":"passed","steps":[],"attachments":[],"parameters":[],"shouldDisplayMessage":false,"stepsCount":0,"attachmentsCount":0,"hasContent":false}],"afterStages":[{"name":"afterTest","time":{"start":1708289415645,"stop":1708289415645,"duration":0},"description":"","status":"passed","steps":[],"attachments":[],"parameters":[],"shouldDisplayMessage":false,"stepsCount":0,"attachmentsCount":0,"hasContent":false}],"labels":[{"name":"package","value":"com.example.teamcity.ui.RunBuildTest"},{"name":"testClass","value":"com.example.teamcity.ui.RunBuildTest"},{"name":"testMethod","value":"authorizedUserShouldBeAbleToRunBuild"},{"name":"parentSuite","value":"API Suite"},{"name":"suite","value":"API Test"},{"name":"subSuite","value":"com.example.teamcity.ui.RunBuildTest"},{"name":"host","value":"fv-az1543-764"},{"name":"thread","value":"5742@fv-az1543-764.main(1)"},{"name":"framework","value":"testng"},{"name":"language","value":"java"},{"name":"resultFormat","value":"allure2"}],"parameters":[],"links":[],"hidden":false,"retry":false,"extra":{"severity":"normal","retries":[],"categories":[{"name":"Product defects","matchedStatuses":[],"flaky":false}],"history":{"statistic":{"failed":8,"broken":0,"skipped":0,"passed":2,"unknown":0,"total":10},"items":[{"uid":"e83f6d9a994594e7","reportUrl":"https://AnnaBodrova.github.io/Teamcity-tests/64//#testresult/e83f6d9a994594e7","status":"passed","time":{"start":1708288042699,"stop":1708288055959,"duration":13260}},{"uid":"d9ea401d0d14f9f0","reportUrl":"https://AnnaBodrova.github.io/Teamcity-tests/64//#testresult/d9ea401d0d14f9f0","status":"passed","time":{"start":1708287534615,"stop":1708287549222,"duration":14607}},{"uid":"b8d8ee1e5cb48e6a","reportUrl":"https://AnnaBodrova.github.io/Teamcity-tests/63//#testresult/b8d8ee1e5cb48e6a","status":"failed","statusDetails":"Element not found {[class=\"Subproject__container--WE\"][0]}\nExpected: visible\nScreenshot: file:/home/runner/work/Teamcity-tests/Teamcity-tests/target/surefare-reports/1708286715978.1.png\nPage source: file:/home/runner/work/Teamcity-tests/Teamcity-tests/target/surefare-reports/1708286715978.1.html\nTimeout: 10 s.\nCaused by: NoSuchElementException: Unable to locate element: [class=\"Subproject__container--WE\"]","time":{"start":1708286695865,"stop":1708286716226,"duration":20361}},{"uid":"ec00f76c92611427","reportUrl":"https://AnnaBodrova.github.io/Teamcity-tests/62//#testresult/ec00f76c92611427","status":"failed","statusDetails":"Element not found {[class=\"Subproject__container--WE\"][0]}\nExpected: visible\nScreenshot: file:/home/runner/work/Teamcity-tests/Teamcity-tests/target/surefare-reports/1708285636357.2.png\nPage source: file:/home/runner/work/Teamcity-tests/Teamcity-tests/target/surefare-reports/1708285636357.2.html\nTimeout: 10 s.\nCaused by: NoSuchElementException: Unable to locate element: [class=\"Subproject__container--WE\"]","time":{"start":1708285617324,"stop":1708285636477,"duration":19153}},{"uid":"831568ba3e2a1c93","reportUrl":"https://AnnaBodrova.github.io/Teamcity-tests/61//#testresult/831568ba3e2a1c93","status":"failed","statusDetails":"Element not found {[class=\"Subproject__container--WE\"][0]}\nExpected: visible\nScreenshot: file:/home/runner/work/Teamcity-tests/Teamcity-tests/target/surefare-reports/1708285021794.1.png\nPage source: file:/home/runner/work/Teamcity-tests/Teamcity-tests/target/surefare-reports/1708285021794.1.html\nTimeout: 10 s.\nCaused by: NoSuchElementException: Unable to locate element: [class=\"Subproject__container--WE\"]","time":{"start":1708285002485,"stop":1708285021916,"duration":19431}},{"uid":"b146eaa8d3547525","reportUrl":"https://AnnaBodrova.github.io/Teamcity-tests/60//#testresult/b146eaa8d3547525","status":"failed","statusDetails":"Element not found {[class=\"Subproject__container--WE\"][0]}\nExpected: visible\nScreenshot: file:/home/runner/work/Teamcity-tests/Teamcity-tests/target/surefare-reports/1708284449685.2.png\nPage source: file:/home/runner/work/Teamcity-tests/Teamcity-tests/target/surefare-reports/1708284449685.2.html\nTimeout: 10 s.\nCaused by: NoSuchElementException: Unable to locate element: [class=\"Subproject__container--WE\"]","time":{"start":1708284429438,"stop":1708284449793,"duration":20355}},{"uid":"c2131143097cd01e","reportUrl":"https://AnnaBodrova.github.io/Teamcity-tests/59//#testresult/c2131143097cd01e","status":"failed","statusDetails":"Element not found {[class=\"Subproject__container--WE\"][0]}\nExpected: visible\nScreenshot: file:/home/runner/work/Teamcity-tests/Teamcity-tests/target/surefare-reports/1708283863099.2.png\nPage source: file:/home/runner/work/Teamcity-tests/Teamcity-tests/target/surefare-reports/1708283863099.2.html\nTimeout: 10 s.\nCaused by: NoSuchElementException: Unable to locate element: [class=\"Subproject__container--WE\"]","time":{"start":1708283840933,"stop":1708283863214,"duration":22281}},{"uid":"2c481df0a5de50e9","reportUrl":"https://AnnaBodrova.github.io/Teamcity-tests/58//#testresult/2c481df0a5de50e9","status":"failed","statusDetails":"Element not found {[class=\"Subproject__container--WE\"][0]}\nExpected: visible\nScreenshot: file:/home/runner/work/Teamcity-tests/Teamcity-tests/target/surefare-reports/1708282427662.2.png\nPage source: file:/home/runner/work/Teamcity-tests/Teamcity-tests/target/surefare-reports/1708282427662.2.html\nTimeout: 10 s.\nCaused by: NoSuchElementException: Unable to locate element: [class=\"Subproject__container--WE\"]","time":{"start":1708282408232,"stop":1708282427799,"duration":19567}},{"uid":"3f6c558bf46acf7","reportUrl":"https://AnnaBodrova.github.io/Teamcity-tests/57//#testresult/3f6c558bf46acf7","status":"failed","statusDetails":"Element not found {[class=\"Subproject__container--WE\"][0]}\nExpected: visible\nScreenshot: file:/home/runner/work/Teamcity-tests/Teamcity-tests/target/surefare-reports/1708281906052.1.png\nPage source: file:/home/runner/work/Teamcity-tests/Teamcity-tests/target/surefare-reports/1708281906052.1.html\nTimeout: 10 s.\nCaused by: NoSuchElementException: Unable to locate element: [class=\"Subproject__container--WE\"]","time":{"start":1708281887099,"stop":1708281906192,"duration":19093}}]},"tags":[]},"source":"2af7f8092d0f7bf8.json","parameterValues":[]}